<?xml version="1.0" encoding="UTF-8"?>
<testsuite name="teddy.lin.todobackend.service.TodoServiceTest" tests="1" skipped="0" failures="0" errors="0" timestamp="2020-08-05T09:34:51" hostname="ZHA-ITA054-W10" time="0.776">
  <properties/>
  <testcase name="should_return_all_todos_when_get_all_given_none()" classname="teddy.lin.todobackend.service.TodoServiceTest" time="0.776"/>
  <system-out><![CDATA[]]></system-out>
  <system-err><![CDATA[]]></system-err>
</testsuite>
