<?xml version="1.0" encoding="UTF-8"?>
<testsuite name="teddy.lin.todobackend.service.TodoServiceTest" tests="5" skipped="0" failures="0" errors="0" timestamp="2020-08-06T04:58:24" hostname="ZHA-ITA054-W10" time="1.823">
  <properties/>
  <testcase name="should_return_updated_todo_when_update_given_id()" classname="teddy.lin.todobackend.service.TodoServiceTest" time="1.794"/>
  <testcase name="should_return_null_when_update_given_wrong_id()" classname="teddy.lin.todobackend.service.TodoServiceTest" time="0.004"/>
  <testcase name="should_return_null_when_update_given_null_id()" classname="teddy.lin.todobackend.service.TodoServiceTest" time="0.002"/>
  <testcase name="should_return_all_todos_when_get_all_given_none()" classname="teddy.lin.todobackend.service.TodoServiceTest" time="0.013"/>
  <testcase name="should_return_todo_when_save_given_todo()" classname="teddy.lin.todobackend.service.TodoServiceTest" time="0.004"/>
  <system-out><![CDATA[]]></system-out>
  <system-err><![CDATA[]]></system-err>
</testsuite>
